FFFF..F
======================================================================
FAIL: test_eval_1 (__main__.TestCollatz)
----------------------------------------------------------------------
Traceback (most recent call last):
  File "TestCollatz.py", line 46, in test_eval_1
    self.assertEqual(v, 20)
AssertionError: 1 != 20

======================================================================
FAIL: test_eval_2 (__main__.TestCollatz)
----------------------------------------------------------------------
Traceback (most recent call last):
  File "TestCollatz.py", line 50, in test_eval_2
    self.assertEqual(v, 125)
AssertionError: 1 != 125

======================================================================
FAIL: test_eval_3 (__main__.TestCollatz)
----------------------------------------------------------------------
Traceback (most recent call last):
  File "TestCollatz.py", line 54, in test_eval_3
    self.assertEqual(v, 89)
AssertionError: 1 != 89

======================================================================
FAIL: test_eval_4 (__main__.TestCollatz)
----------------------------------------------------------------------
Traceback (most recent call last):
  File "TestCollatz.py", line 58, in test_eval_4
    self.assertEqual(v, 174)
AssertionError: 1 != 174

======================================================================
FAIL: test_solve (__main__.TestCollatz)
----------------------------------------------------------------------
Traceback (most recent call last):
  File "TestCollatz.py", line 77, in test_solve
    self.assertEqual(w.getvalue(), "1 10 20\n100 200 125\n201 210 89\n900 1000 174\n")
AssertionError: '1 10 1\n100 200 1\n201 210 1\n900 1000 1\n' != '1 10 20\n100 200 125\n201 210 89\n900 1000 174\n'
- 1 10 1
?      ^
+ 1 10 20
?      ^^
- 100 200 1
+ 100 200 125
?          ++
- 201 210 1
?         ^
+ 201 210 89
?         ^^
- 900 1000 1
+ 900 1000 174
?           ++


----------------------------------------------------------------------
Ran 7 tests in 0.004s

FAILED (failures=5)
